# JRE version: Java(TM) SE Runtime Environment (7.0_60-b19) (build 1.7.0_60-b19)
# Java VM: Java HotSpot(TM) 64-Bit Server VM (24.60-b09 mixed mode windows-amd64 compressed oops)
Heap
 PSYoungGen      total 114176K, used 1993K [0x00000007d5e80000, 0x00000007dd300000, 0x0000000800000000)
  eden space 109056K, 1% used [0x00000007d5e80000,0x00000007d6072538,0x00000007dc900000)
  from space 5120K, 0% used [0x00000007dce00000,0x00000007dce00000,0x00000007dd300000)
  to   space 5120K, 0% used [0x00000007dc900000,0x00000007dc900000,0x00000007dce00000)
 ParOldGen       total 1378304K, used 54372K [0x0000000781c00000, 0x00000007d5e00000, 0x00000007d5e80000)
  object space 1378304K, 3% used [0x0000000781c00000,0x00000007851192d8,0x00000007d5e00000)
 PSPermGen       total 83968K, used 83967K [0x000000077ca00000, 0x0000000781c00000, 0x0000000781c00000)
  object space 83968K, 99% used [0x000000077ca00000,0x0000000781bffd50,0x0000000781c00000)
GC Heap History (10 events):
Event: 9892.251 GC heap before
{Heap before GC invocations=1173 (full 15):
 PSYoungGen      total 113152K, used 0K [0x00000007d5e80000, 0x00000007dd280000, 0x0000000800000000)
  eden space 108544K, 0% used [0x00000007d5e80000,0x00000007d5e80000,0x00000007dc880000)
  from space 4608K, 0% used [0x00000007dce00000,0x00000007dce00000,0x00000007dd280000)
  to   space 5120K, 0% used [0x00000007dc880000,0x00000007dc880000,0x00000007dcd80000)
 ParOldGen       total 1377792K, used 54414K [0x0000000781c00000, 0x00000007d5d80000, 0x00000007d5e80000)
  object space 1377792K, 3% used [0x0000000781c00000,0x0000000785123908,0x00000007d5d80000)
 PSPermGen       total 83968K, used 83967K [0x000000077ca00000, 0x0000000781c00000, 0x0000000781c00000)
  object space 83968K, 99% used [0x000000077ca00000,0x0000000781bfffc8,0x0000000781c00000)
Event: 9892.532 GC heap after
Heap after GC invocations=1173 (full 15):
 PSYoungGen      total 113152K, used 0K [0x00000007d5e80000, 0x00000007dd280000, 0x0000000800000000)
  eden space 108544K, 0% used [0x00000007d5e80000,0x00000007d5e80000,0x00000007dc880000)
  from space 4608K, 0% used [0x00000007dce00000,0x00000007dce00000,0x00000007dd280000)
  to   space 5120K, 0% used [0x00000007dc880000,0x00000007dc880000,0x00000007dcd80000)
 ParOldGen       total 1377792K, used 54368K [0x0000000781c00000, 0x00000007d5d80000, 0x00000007d5e80000)
  object space 1377792K, 3% used [0x0000000781c00000,0x0000000785118010,0x00000007d5d80000)
 PSPermGen       total 83968K, used 83964K [0x000000077ca00000, 0x0000000781c00000, 0x0000000781c00000)
  object space 83968K, 99% used [0x000000077ca00000,0x0000000781bff3e8,0x0000000781c00000)
}
Event: 9892.532 GC heap before
{Heap before GC invocations=1174 (full 15):
 PSYoungGen      total 113152K, used 2302K [0x00000007d5e80000, 0x00000007dd280000, 0x0000000800000000)
  eden space 108544K, 2% used [0x00000007d5e80000,0x00000007d60bfa40,0x00000007dc880000)
  from space 4608K, 0% used [0x00000007dce00000,0x00000007dce00000,0x00000007dd280000)
  to   space 5120K, 0% used [0x00000007dc880000,0x00000007dc880000,0x00000007dcd80000)
 ParOldGen       total 1377792K, used 54368K [0x0000000781c00000, 0x00000007d5d80000, 0x00000007d5e80000)
  object space 1377792K, 3% used [0x0000000781c00000,0x0000000785118010,0x00000007d5d80000)
 PSPermGen       total 83968K, used 83967K [0x000000077ca00000, 0x0000000781c00000, 0x0000000781c00000)
  object space 83968K, 99% used [0x000000077ca00000,0x0000000781bffd50,0x0000000781c00000)
Event: 9892.536 GC heap after
Heap after GC invocations=1174 (full 15):
 PSYoungGen      total 113664K, used 96K [0x00000007d5e80000, 0x00000007dd300000, 0x0000000800000000)
  eden space 108544K, 0% used [0x00000007d5e80000,0x00000007d5e80000,0x00000007dc880000)
  from space 5120K, 1% used [0x00000007dc880000,0x00000007dc898000,0x00000007dcd80000)
  to   space 5120K, 0% used [0x00000007dce00000,0x00000007dce00000,0x00000007dd300000)
 ParOldGen       total 1377792K, used 54368K [0x0000000781c00000, 0x00000007d5d80000, 0x00000007d5e80000)
  object space 1377792K, 3% used [0x0000000781c00000,0x0000000785118010,0x00000007d5d80000)
 PSPermGen       total 83968K, used 83967K [0x000000077ca00000, 0x0000000781c00000, 0x0000000781c00000)
  object space 83968K, 99% used [0x000000077ca00000,0x0000000781bffd50,0x0000000781c00000)
}
Event: 9892.536 GC heap before
{Heap before GC invocations=1175 (full 16):
 PSYoungGen      total 113664K, used 96K [0x00000007d5e80000, 0x00000007dd300000, 0x0000000800000000)
  eden space 108544K, 0% used [0x00000007d5e80000,0x00000007d5e80000,0x00000007dc880000)
  from space 5120K, 1% used [0x00000007dc880000,0x00000007dc898000,0x00000007dcd80000)
  to   space 5120K, 0% used [0x00000007dce00000,0x00000007dce00000,0x00000007dd300000)
 ParOldGen       total 1377792K, used 54368K [0x0000000781c00000, 0x00000007d5d80000, 0x00000007d5e80000)
  object space 1377792K, 3% used [0x0000000781c00000,0x0000000785118010,0x00000007d5d80000)
 PSPermGen       total 83968K, used 83967K [0x000000077ca00000, 0x0000000781c00000, 0x0000000781c00000)
  object space 83968K, 99% used [0x000000077ca00000,0x0000000781bffd50,0x0000000781c00000)
Event: 9892.739 GC heap after
Heap after GC invocations=1175 (full 16):
 PSYoungGen      total 113664K, used 0K [0x00000007d5e80000, 0x00000007dd300000, 0x0000000800000000)
  eden space 108544K, 0% used [0x00000007d5e80000,0x00000007d5e80000,0x00000007dc880000)
  from space 5120K, 0% used [0x00000007dc880000,0x00000007dc880000,0x00000007dcd80000)
  to   space 5120K, 0% used [0x00000007dce00000,0x00000007dce00000,0x00000007dd300000)
 ParOldGen       total 1378304K, used 54372K [0x0000000781c00000, 0x00000007d5e00000, 0x00000007d5e80000)
  object space 1378304K, 3% used [0x0000000781c00000,0x00000007851192d8,0x00000007d5e00000)
 PSPermGen       total 83968K, used 83967K [0x000000077ca00000, 0x0000000781c00000, 0x0000000781c00000)
  object space 83968K, 99% used [0x000000077ca00000,0x0000000781bffd50,0x0000000781c00000)
}
Event: 9892.739 GC heap before
{Heap before GC invocations=1176 (full 16):
 PSYoungGen      total 113664K, used 0K [0x00000007d5e80000, 0x00000007dd300000, 0x0000000800000000)
  eden space 108544K, 0% used [0x00000007d5e80000,0x00000007d5e80000,0x00000007dc880000)
  from space 5120K, 0% used [0x00000007dc880000,0x00000007dc880000,0x00000007dcd80000)
  to   space 5120K, 0% used [0x00000007dce00000,0x00000007dce00000,0x00000007dd300000)
 ParOldGen       total 1378304K, used 54372K [0x0000000781c00000, 0x00000007d5e00000, 0x00000007d5e80000)
  object space 1378304K, 3% used [0x0000000781c00000,0x00000007851192d8,0x00000007d5e00000)
 PSPermGen       total 83968K, used 83967K [0x000000077ca00000, 0x0000000781c00000, 0x0000000781c00000)
  object space 83968K, 99% used [0x000000077ca00000,0x0000000781bffd50,0x0000000781c00000)
Event: 9892.743 GC heap after
Heap after GC invocations=1176 (full 16):
 PSYoungGen      total 114176K, used 0K [0x00000007d5e80000, 0x00000007dd300000, 0x0000000800000000)
  eden space 109056K, 0% used [0x00000007d5e80000,0x00000007d5e80000,0x00000007dc900000)
  from space 5120K, 0% used [0x00000007dce00000,0x00000007dce00000,0x00000007dd300000)
  to   space 5120K, 0% used [0x00000007dc900000,0x00000007dc900000,0x00000007dce00000)
 ParOldGen       total 1378304K, used 54372K [0x0000000781c00000, 0x00000007d5e00000, 0x00000007d5e80000)
  object space 1378304K, 3% used [0x0000000781c00000,0x00000007851192d8,0x00000007d5e00000)
 PSPermGen       total 83968K, used 83967K [0x000000077ca00000, 0x0000000781c00000, 0x0000000781c00000)
  object space 83968K, 99% used [0x000000077ca00000,0x0000000781bffd50,0x0000000781c00000)
}
Event: 9892.743 GC heap before
{Heap before GC invocations=1177 (full 17):
 PSYoungGen      total 114176K, used 0K [0x00000007d5e80000, 0x00000007dd300000, 0x0000000800000000)
  eden space 109056K, 0% used [0x00000007d5e80000,0x00000007d5e80000,0x00000007dc900000)
  from space 5120K, 0% used [0x00000007dce00000,0x00000007dce00000,0x00000007dd300000)
  to   space 5120K, 0% used [0x00000007dc900000,0x00000007dc900000,0x00000007dce00000)
 ParOldGen       total 1378304K, used 54372K [0x0000000781c00000, 0x00000007d5e00000, 0x00000007d5e80000)
  object space 1378304K, 3% used [0x0000000781c00000,0x00000007851192d8,0x00000007d5e00000)
 PSPermGen       total 83968K, used 83967K [0x000000077ca00000, 0x0000000781c00000, 0x0000000781c00000)
  object space 83968K, 99% used [0x000000077ca00000,0x0000000781bffd50,0x0000000781c00000)
Event: 9892.949 GC heap after
Heap after GC invocations=1177 (full 17):
 PSYoungGen      total 114176K, used 0K [0x00000007d5e80000, 0x00000007dd300000, 0x0000000800000000)
  eden space 109056K, 0% used [0x00000007d5e80000,0x00000007d5e80000,0x00000007dc900000)
  from space 5120K, 0% used [0x00000007dce00000,0x00000007dce00000,0x00000007dd300000)
  to   space 5120K, 0% used [0x00000007dc900000,0x00000007dc900000,0x00000007dce00000)
 ParOldGen       total 1378304K, used 54372K [0x0000000781c00000, 0x00000007d5e00000, 0x00000007d5e80000)
  object space 1378304K, 3% used [0x0000000781c00000,0x00000007851192d8,0x00000007d5e00000)
 PSPermGen       total 83968K, used 83967K [0x000000077ca00000, 0x0000000781c00000, 0x0000000781c00000)
  object space 83968K, 99% used [0x000000077ca00000,0x0000000781bffd50,0x0000000781c00000)
}

