# JRE version: Java(TM) SE Runtime Environment (7.0_60-b19) (build 1.7.0_60-b19)
# Java VM: Java HotSpot(TM) 64-Bit Server VM (24.60-b09 mixed mode windows-amd64 compressed oops)
Heap
 PSYoungGen      total 409088K, used 5341K [0x00000007d5e80000, 0x00000007ef900000, 0x0000000800000000)
  eden space 400384K, 1% used [0x00000007d5e80000,0x00000007d63b7618,0x00000007ee580000)
  from space 8704K, 0% used [0x00000007ee580000,0x00000007ee580000,0x00000007eee00000)
  to   space 8192K, 0% used [0x00000007ef100000,0x00000007ef100000,0x00000007ef900000)
 ParOldGen       total 1378816K, used 52106K [0x0000000781c00000, 0x00000007d5e80000, 0x00000007d5e80000)
  object space 1378816K, 3% used [0x0000000781c00000,0x0000000784ee28c8,0x00000007d5e80000)
 PSPermGen       total 83968K, used 83967K [0x000000077ca00000, 0x0000000781c00000, 0x0000000781c00000)
  object space 83968K, 99% used [0x000000077ca00000,0x0000000781bffe08,0x0000000781c00000)
GC Heap History (10 events):
Event: 5353.227 GC heap before
{Heap before GC invocations=67 (full 22):
 PSYoungGen      total 407552K, used 0K [0x00000007d5e80000, 0x00000007ef800000, 0x0000000800000000)
  eden space 397824K, 0% used [0x00000007d5e80000,0x00000007d5e80000,0x00000007ee300000)
  from space 9728K, 0% used [0x00000007ee300000,0x00000007ee300000,0x00000007eec80000)
  to   space 9216K, 0% used [0x00000007eef00000,0x00000007eef00000,0x00000007ef800000)
 ParOldGen       total 1378816K, used 52437K [0x0000000781c00000, 0x00000007d5e80000, 0x00000007d5e80000)
  object space 1378816K, 3% used [0x0000000781c00000,0x0000000784f35540,0x00000007d5e80000)
 PSPermGen       total 83968K, used 83967K [0x000000077ca00000, 0x0000000781c00000, 0x0000000781c00000)
  object space 83968K, 99% used [0x000000077ca00000,0x0000000781bffd48,0x0000000781c00000)
Event: 5353.709 GC heap after
Heap after GC invocations=67 (full 22):
 PSYoungGen      total 407552K, used 0K [0x00000007d5e80000, 0x00000007ef800000, 0x0000000800000000)
  eden space 397824K, 0% used [0x00000007d5e80000,0x00000007d5e80000,0x00000007ee300000)
  from space 9728K, 0% used [0x00000007ee300000,0x00000007ee300000,0x00000007eec80000)
  to   space 9216K, 0% used [0x00000007eef00000,0x00000007eef00000,0x00000007ef800000)
 ParOldGen       total 1378816K, used 52417K [0x0000000781c00000, 0x00000007d5e80000, 0x00000007d5e80000)
  object space 1378816K, 3% used [0x0000000781c00000,0x0000000784f30590,0x00000007d5e80000)
 PSPermGen       total 83968K, used 83964K [0x000000077ca00000, 0x0000000781c00000, 0x0000000781c00000)
  object space 83968K, 99% used [0x000000077ca00000,0x0000000781bff168,0x0000000781c00000)
}
Event: 5353.710 GC heap before
{Heap before GC invocations=68 (full 22):
 PSYoungGen      total 407552K, used 761K [0x00000007d5e80000, 0x00000007ef800000, 0x0000000800000000)
  eden space 397824K, 0% used [0x00000007d5e80000,0x00000007d5f3e7d8,0x00000007ee300000)
  from space 9728K, 0% used [0x00000007ee300000,0x00000007ee300000,0x00000007eec80000)
  to   space 9216K, 0% used [0x00000007eef00000,0x00000007eef00000,0x00000007ef800000)
 ParOldGen       total 1378816K, used 52417K [0x0000000781c00000, 0x00000007d5e80000, 0x00000007d5e80000)
  object space 1378816K, 3% used [0x0000000781c00000,0x0000000784f30590,0x00000007d5e80000)
 PSPermGen       total 83968K, used 83967K [0x000000077ca00000, 0x0000000781c00000, 0x0000000781c00000)
  object space 83968K, 99% used [0x000000077ca00000,0x0000000781bffe08,0x0000000781c00000)
Event: 5353.714 GC heap after
Heap after GC invocations=68 (full 22):
 PSYoungGen      total 408064K, used 0K [0x00000007d5e80000, 0x00000007ef680000, 0x0000000800000000)
  eden space 400384K, 0% used [0x00000007d5e80000,0x00000007d5e80000,0x00000007ee580000)
  from space 7680K, 0% used [0x00000007eef00000,0x00000007eef00000,0x00000007ef680000)
  to   space 8704K, 0% used [0x00000007ee580000,0x00000007ee580000,0x00000007eee00000)
 ParOldGen       total 1378816K, used 52417K [0x0000000781c00000, 0x00000007d5e80000, 0x00000007d5e80000)
  object space 1378816K, 3% used [0x0000000781c00000,0x0000000784f30590,0x00000007d5e80000)
 PSPermGen       total 83968K, used 83967K [0x000000077ca00000, 0x0000000781c00000, 0x0000000781c00000)
  object space 83968K, 99% used [0x000000077ca00000,0x0000000781bffe08,0x0000000781c00000)
}
Event: 5353.714 GC heap before
{Heap before GC invocations=69 (full 23):
 PSYoungGen      total 408064K, used 0K [0x00000007d5e80000, 0x00000007ef680000, 0x0000000800000000)
  eden space 400384K, 0% used [0x00000007d5e80000,0x00000007d5e80000,0x00000007ee580000)
  from space 7680K, 0% used [0x00000007eef00000,0x00000007eef00000,0x00000007ef680000)
  to   space 8704K, 0% used [0x00000007ee580000,0x00000007ee580000,0x00000007eee00000)
 ParOldGen       total 1378816K, used 52417K [0x0000000781c00000, 0x00000007d5e80000, 0x00000007d5e80000)
  object space 1378816K, 3% used [0x0000000781c00000,0x0000000784f30590,0x00000007d5e80000)
 PSPermGen       total 83968K, used 83967K [0x000000077ca00000, 0x0000000781c00000, 0x0000000781c00000)
  object space 83968K, 99% used [0x000000077ca00000,0x0000000781bffe08,0x0000000781c00000)
Event: 5353.970 GC heap after
Heap after GC invocations=69 (full 23):
 PSYoungGen      total 408064K, used 0K [0x00000007d5e80000, 0x00000007ef680000, 0x0000000800000000)
  eden space 400384K, 0% used [0x00000007d5e80000,0x00000007d5e80000,0x00000007ee580000)
  from space 7680K, 0% used [0x00000007eef00000,0x00000007eef00000,0x00000007ef680000)
  to   space 8704K, 0% used [0x00000007ee580000,0x00000007ee580000,0x00000007eee00000)
 ParOldGen       total 1378816K, used 52106K [0x0000000781c00000, 0x00000007d5e80000, 0x00000007d5e80000)
  object space 1378816K, 3% used [0x0000000781c00000,0x0000000784ee28c8,0x00000007d5e80000)
 PSPermGen       total 83968K, used 83967K [0x000000077ca00000, 0x0000000781c00000, 0x0000000781c00000)
  object space 83968K, 99% used [0x000000077ca00000,0x0000000781bffe08,0x0000000781c00000)
}
Event: 5353.970 GC heap before
{Heap before GC invocations=70 (full 23):
 PSYoungGen      total 408064K, used 0K [0x00000007d5e80000, 0x00000007ef680000, 0x0000000800000000)
  eden space 400384K, 0% used [0x00000007d5e80000,0x00000007d5e80000,0x00000007ee580000)
  from space 7680K, 0% used [0x00000007eef00000,0x00000007eef00000,0x00000007ef680000)
  to   space 8704K, 0% used [0x00000007ee580000,0x00000007ee580000,0x00000007eee00000)
 ParOldGen       total 1378816K, used 52106K [0x0000000781c00000, 0x00000007d5e80000, 0x00000007d5e80000)
  object space 1378816K, 3% used [0x0000000781c00000,0x0000000784ee28c8,0x00000007d5e80000)
 PSPermGen       total 83968K, used 83967K [0x000000077ca00000, 0x0000000781c00000, 0x0000000781c00000)
  object space 83968K, 99% used [0x000000077ca00000,0x0000000781bffe08,0x0000000781c00000)
Event: 5353.987 GC heap after
Heap after GC invocations=70 (full 23):
 PSYoungGen      total 409088K, used 0K [0x00000007d5e80000, 0x00000007ef900000, 0x0000000800000000)
  eden space 400384K, 0% used [0x00000007d5e80000,0x00000007d5e80000,0x00000007ee580000)
  from space 8704K, 0% used [0x00000007ee580000,0x00000007ee580000,0x00000007eee00000)
  to   space 8192K, 0% used [0x00000007ef100000,0x00000007ef100000,0x00000007ef900000)
 ParOldGen       total 1378816K, used 52106K [0x0000000781c00000, 0x00000007d5e80000, 0x00000007d5e80000)
  object space 1378816K, 3% used [0x0000000781c00000,0x0000000784ee28c8,0x00000007d5e80000)
 PSPermGen       total 83968K, used 83967K [0x000000077ca00000, 0x0000000781c00000, 0x0000000781c00000)
  object space 83968K, 99% used [0x000000077ca00000,0x0000000781bffe08,0x0000000781c00000)
}
Event: 5353.987 GC heap before
{Heap before GC invocations=71 (full 24):
 PSYoungGen      total 409088K, used 0K [0x00000007d5e80000, 0x00000007ef900000, 0x0000000800000000)
  eden space 400384K, 0% used [0x00000007d5e80000,0x00000007d5e80000,0x00000007ee580000)
  from space 8704K, 0% used [0x00000007ee580000,0x00000007ee580000,0x00000007eee00000)
  to   space 8192K, 0% used [0x00000007ef100000,0x00000007ef100000,0x00000007ef900000)
 ParOldGen       total 1378816K, used 52106K [0x0000000781c00000, 0x00000007d5e80000, 0x00000007d5e80000)
  object space 1378816K, 3% used [0x0000000781c00000,0x0000000784ee28c8,0x00000007d5e80000)
 PSPermGen       total 83968K, used 83967K [0x000000077ca00000, 0x0000000781c00000, 0x0000000781c00000)
  object space 83968K, 99% used [0x000000077ca00000,0x0000000781bffe08,0x0000000781c00000)
Event: 5354.197 GC heap after
Heap after GC invocations=71 (full 24):
 PSYoungGen      total 409088K, used 0K [0x00000007d5e80000, 0x00000007ef900000, 0x0000000800000000)
  eden space 400384K, 0% used [0x00000007d5e80000,0x00000007d5e80000,0x00000007ee580000)
  from space 8704K, 0% used [0x00000007ee580000,0x00000007ee580000,0x00000007eee00000)
  to   space 8192K, 0% used [0x00000007ef100000,0x00000007ef100000,0x00000007ef900000)
 ParOldGen       total 1378816K, used 52106K [0x0000000781c00000, 0x00000007d5e80000, 0x00000007d5e80000)
  object space 1378816K, 3% used [0x0000000781c00000,0x0000000784ee28c8,0x00000007d5e80000)
 PSPermGen       total 83968K, used 83967K [0x000000077ca00000, 0x0000000781c00000, 0x0000000781c00000)
  object space 83968K, 99% used [0x000000077ca00000,0x0000000781bffe08,0x0000000781c00000)
}

