# JRE version: Java(TM) SE Runtime Environment (7.0_60-b19) (build 1.7.0_60-b19)
# Java VM: Java HotSpot(TM) 64-Bit Server VM (24.60-b09 mixed mode windows-amd64 compressed oops)
Heap
 PSYoungGen      total 683520K, used 18104K [0x00000007d5e80000, 0x00000007ffe80000, 0x0000000800000000)
  eden space 678912K, 2% used [0x00000007d5e80000,0x00000007d702e230,0x00000007ff580000)
  from space 4608K, 0% used [0x00000007ffa00000,0x00000007ffa00000,0x00000007ffe80000)
  to   space 4608K, 0% used [0x00000007ff580000,0x00000007ff580000,0x00000007ffa00000)
 ParOldGen       total 1378816K, used 56314K [0x0000000781c00000, 0x00000007d5e80000, 0x00000007d5e80000)
  object space 1378816K, 4% used [0x0000000781c00000,0x00000007852fea68,0x00000007d5e80000)
 PSPermGen       total 83968K, used 83965K [0x000000077ca00000, 0x0000000781c00000, 0x0000000781c00000)
  object space 83968K, 99% used [0x000000077ca00000,0x0000000781bff5f0,0x0000000781c00000)
GC Heap History (10 events):
Event: 4297.641 GC heap before
{Heap before GC invocations=91 (full 39):
 PSYoungGen      total 683520K, used 0K [0x00000007d5e80000, 0x00000007fff80000, 0x0000000800000000)
  eden space 677888K, 0% used [0x00000007d5e80000,0x00000007d5e80000,0x00000007ff480000)
  from space 5632K, 0% used [0x00000007ffa00000,0x00000007ffa00000,0x00000007fff80000)
  to   space 5632K, 0% used [0x00000007ff480000,0x00000007ff480000,0x00000007ffa00000)
 ParOldGen       total 1378816K, used 56359K [0x0000000781c00000, 0x00000007d5e80000, 0x00000007d5e80000)
  object space 1378816K, 4% used [0x0000000781c00000,0x0000000785309f98,0x00000007d5e80000)
 PSPermGen       total 83968K, used 83967K [0x000000077ca00000, 0x0000000781c00000, 0x0000000781c00000)
  object space 83968K, 99% used [0x000000077ca00000,0x0000000781bffed0,0x0000000781c00000)
Event: 4297.953 GC heap after
Heap after GC invocations=91 (full 39):
 PSYoungGen      total 683520K, used 0K [0x00000007d5e80000, 0x00000007fff80000, 0x0000000800000000)
  eden space 677888K, 0% used [0x00000007d5e80000,0x00000007d5e80000,0x00000007ff480000)
  from space 5632K, 0% used [0x00000007ffa00000,0x00000007ffa00000,0x00000007fff80000)
  to   space 5632K, 0% used [0x00000007ff480000,0x00000007ff480000,0x00000007ffa00000)
 ParOldGen       total 1378816K, used 56313K [0x0000000781c00000, 0x00000007d5e80000, 0x00000007d5e80000)
  object space 1378816K, 4% used [0x0000000781c00000,0x00000007852fe760,0x00000007d5e80000)
 PSPermGen       total 83968K, used 83964K [0x000000077ca00000, 0x0000000781c00000, 0x0000000781c00000)
  object space 83968K, 99% used [0x000000077ca00000,0x0000000781bff2f0,0x0000000781c00000)
}
Event: 4297.954 GC heap before
{Heap before GC invocations=92 (full 39):
 PSYoungGen      total 683520K, used 7517K [0x00000007d5e80000, 0x00000007fff80000, 0x0000000800000000)
  eden space 677888K, 1% used [0x00000007d5e80000,0x00000007d65d7400,0x00000007ff480000)
  from space 5632K, 0% used [0x00000007ffa00000,0x00000007ffa00000,0x00000007fff80000)
  to   space 5632K, 0% used [0x00000007ff480000,0x00000007ff480000,0x00000007ffa00000)
 ParOldGen       total 1378816K, used 56313K [0x0000000781c00000, 0x00000007d5e80000, 0x00000007d5e80000)
  object space 1378816K, 4% used [0x0000000781c00000,0x00000007852fe760,0x00000007d5e80000)
 PSPermGen       total 83968K, used 83965K [0x000000077ca00000, 0x0000000781c00000, 0x0000000781c00000)
  object space 83968K, 99% used [0x000000077ca00000,0x0000000781bff5f0,0x0000000781c00000)
Event: 4297.976 GC heap after
Heap after GC invocations=92 (full 39):
 PSYoungGen      total 683520K, used 32K [0x00000007d5e80000, 0x00000007fff00000, 0x0000000800000000)
  eden space 677888K, 0% used [0x00000007d5e80000,0x00000007d5e80000,0x00000007ff480000)
  from space 5632K, 0% used [0x00000007ff480000,0x00000007ff488000,0x00000007ffa00000)
  to   space 5120K, 0% used [0x00000007ffa00000,0x00000007ffa00000,0x00000007fff00000)
 ParOldGen       total 1378816K, used 56313K [0x0000000781c00000, 0x00000007d5e80000, 0x00000007d5e80000)
  object space 1378816K, 4% used [0x0000000781c00000,0x00000007852fe760,0x00000007d5e80000)
 PSPermGen       total 83968K, used 83965K [0x000000077ca00000, 0x0000000781c00000, 0x0000000781c00000)
  object space 83968K, 99% used [0x000000077ca00000,0x0000000781bff5f0,0x0000000781c00000)
}
Event: 4297.976 GC heap before
{Heap before GC invocations=93 (full 40):
 PSYoungGen      total 683520K, used 32K [0x00000007d5e80000, 0x00000007fff00000, 0x0000000800000000)
  eden space 677888K, 0% used [0x00000007d5e80000,0x00000007d5e80000,0x00000007ff480000)
  from space 5632K, 0% used [0x00000007ff480000,0x00000007ff488000,0x00000007ffa00000)
  to   space 5120K, 0% used [0x00000007ffa00000,0x00000007ffa00000,0x00000007fff00000)
 ParOldGen       total 1378816K, used 56313K [0x0000000781c00000, 0x00000007d5e80000, 0x00000007d5e80000)
  object space 1378816K, 4% used [0x0000000781c00000,0x00000007852fe760,0x00000007d5e80000)
 PSPermGen       total 83968K, used 83965K [0x000000077ca00000, 0x0000000781c00000, 0x0000000781c00000)
  object space 83968K, 99% used [0x000000077ca00000,0x0000000781bff5f0,0x0000000781c00000)
Event: 4298.378 GC heap after
Heap after GC invocations=93 (full 40):
 PSYoungGen      total 683520K, used 0K [0x00000007d5e80000, 0x00000007fff00000, 0x0000000800000000)
  eden space 677888K, 0% used [0x00000007d5e80000,0x00000007d5e80000,0x00000007ff480000)
  from space 5632K, 0% used [0x00000007ff480000,0x00000007ff480000,0x00000007ffa00000)
  to   space 5120K, 0% used [0x00000007ffa00000,0x00000007ffa00000,0x00000007fff00000)
 ParOldGen       total 1378816K, used 56314K [0x0000000781c00000, 0x00000007d5e80000, 0x00000007d5e80000)
  object space 1378816K, 4% used [0x0000000781c00000,0x00000007852fea68,0x00000007d5e80000)
 PSPermGen       total 83968K, used 83965K [0x000000077ca00000, 0x0000000781c00000, 0x0000000781c00000)
  object space 83968K, 99% used [0x000000077ca00000,0x0000000781bff5f0,0x0000000781c00000)
}
Event: 4298.378 GC heap before
{Heap before GC invocations=94 (full 40):
 PSYoungGen      total 683520K, used 0K [0x00000007d5e80000, 0x00000007fff00000, 0x0000000800000000)
  eden space 677888K, 0% used [0x00000007d5e80000,0x00000007d5e80000,0x00000007ff480000)
  from space 5632K, 0% used [0x00000007ff480000,0x00000007ff480000,0x00000007ffa00000)
  to   space 5120K, 0% used [0x00000007ffa00000,0x00000007ffa00000,0x00000007fff00000)
 ParOldGen       total 1378816K, used 56314K [0x0000000781c00000, 0x00000007d5e80000, 0x00000007d5e80000)
  object space 1378816K, 4% used [0x0000000781c00000,0x00000007852fea68,0x00000007d5e80000)
 PSPermGen       total 83968K, used 83965K [0x000000077ca00000, 0x0000000781c00000, 0x0000000781c00000)
  object space 83968K, 99% used [0x000000077ca00000,0x0000000781bff5f0,0x0000000781c00000)
Event: 4298.523 GC heap after
Heap after GC invocations=94 (full 40):
 PSYoungGen      total 683520K, used 0K [0x00000007d5e80000, 0x00000007ffe80000, 0x0000000800000000)
  eden space 678912K, 0% used [0x00000007d5e80000,0x00000007d5e80000,0x00000007ff580000)
  from space 4608K, 0% used [0x00000007ffa00000,0x00000007ffa00000,0x00000007ffe80000)
  to   space 4608K, 0% used [0x00000007ff580000,0x00000007ff580000,0x00000007ffa00000)
 ParOldGen       total 1378816K, used 56314K [0x0000000781c00000, 0x00000007d5e80000, 0x00000007d5e80000)
  object space 1378816K, 4% used [0x0000000781c00000,0x00000007852fea68,0x00000007d5e80000)
 PSPermGen       total 83968K, used 83965K [0x000000077ca00000, 0x0000000781c00000, 0x0000000781c00000)
  object space 83968K, 99% used [0x000000077ca00000,0x0000000781bff5f0,0x0000000781c00000)
}
Event: 4298.523 GC heap before
{Heap before GC invocations=95 (full 41):
 PSYoungGen      total 683520K, used 0K [0x00000007d5e80000, 0x00000007ffe80000, 0x0000000800000000)
  eden space 678912K, 0% used [0x00000007d5e80000,0x00000007d5e80000,0x00000007ff580000)
  from space 4608K, 0% used [0x00000007ffa00000,0x00000007ffa00000,0x00000007ffe80000)
  to   space 4608K, 0% used [0x00000007ff580000,0x00000007ff580000,0x00000007ffa00000)
 ParOldGen       total 1378816K, used 56314K [0x0000000781c00000, 0x00000007d5e80000, 0x00000007d5e80000)
  object space 1378816K, 4% used [0x0000000781c00000,0x00000007852fea68,0x00000007d5e80000)
 PSPermGen       total 83968K, used 83965K [0x000000077ca00000, 0x0000000781c00000, 0x0000000781c00000)
  object space 83968K, 99% used [0x000000077ca00000,0x0000000781bff5f0,0x0000000781c00000)
Event: 4298.801 GC heap after
Heap after GC invocations=95 (full 41):
 PSYoungGen      total 683520K, used 0K [0x00000007d5e80000, 0x00000007ffe80000, 0x0000000800000000)
  eden space 678912K, 0% used [0x00000007d5e80000,0x00000007d5e80000,0x00000007ff580000)
  from space 4608K, 0% used [0x00000007ffa00000,0x00000007ffa00000,0x00000007ffe80000)
  to   space 4608K, 0% used [0x00000007ff580000,0x00000007ff580000,0x00000007ffa00000)
 ParOldGen       total 1378816K, used 56314K [0x0000000781c00000, 0x00000007d5e80000, 0x00000007d5e80000)
  object space 1378816K, 4% used [0x0000000781c00000,0x00000007852fea68,0x00000007d5e80000)
 PSPermGen       total 83968K, used 83965K [0x000000077ca00000, 0x0000000781c00000, 0x0000000781c00000)
  object space 83968K, 99% used [0x000000077ca00000,0x0000000781bff5f0,0x0000000781c00000)
}

